\BOOKMARK [1][-]{section.1}{Introduction}{}% 1
\BOOKMARK [2][-]{subsection.1.1}{Outline\040and\040contributions}{section.1}% 2
\BOOKMARK [1][-]{section.2}{Background}{}% 3
\BOOKMARK [2][-]{subsection.2.1}{Random\040Fourier\040Feature\040maps}{section.2}% 4
\BOOKMARK [3][-]{subsubsection.2.1.1}{Extensions\040of\040the\040RFF\040method}{subsection.2.1}% 5
\BOOKMARK [2][-]{subsection.2.2}{On\040Operator-Valued\040Kernels}{section.2}% 6
\BOOKMARK [2][-]{subsection.2.3}{Definitions\040and\040properties}{section.2}% 7
\BOOKMARK [2][-]{subsection.2.4}{Examples\040of\040}{section.2}% 8
\BOOKMARK [2][-]{subsection.2.5}{Shift-Invariant\040\040on\040\040groups}{section.2}% 9
\BOOKMARK [2][-]{subsection.2.6}{Some\040applications\040of\040Operator-valued\040kernels}{section.2}% 10
\BOOKMARK [1][-]{section.3}{Main\040contribution:\040Operator\040Random\040Fourier\040Features}{}% 11
\BOOKMARK [2][-]{subsection.3.1}{Theoretical\040study}{section.3}% 12
\BOOKMARK [3][-]{subsubsection.3.1.1}{Sufficient\040conditions\040of\040existence}{subsection.3.1}% 13
\BOOKMARK [2][-]{subsection.3.2}{Examples\040of\040spectral\040decomposition}{section.3}% 14
\BOOKMARK [3][-]{subsubsection.3.2.1}{Gaussian\040decomposable\040kernel}{subsection.3.2}% 15
\BOOKMARK [3][-]{subsubsection.3.2.2}{Skewed-^2\040decomposable\040kernel}{subsection.3.2}% 16
\BOOKMARK [3][-]{subsubsection.3.2.3}{Curl-free\040Gaussian\040kernel}{subsection.3.2}% 17
\BOOKMARK [3][-]{subsubsection.3.2.4}{Divergence-free\040kernel}{subsection.3.2}% 18
\BOOKMARK [2][-]{subsection.3.3}{Operator-valued\040Random\040Fourier\040Features\040\(ORFF\)}{section.3}% 19
\BOOKMARK [3][-]{subsubsection.3.3.1}{Building\040Operator-valued\040Random\040Fourier\040Features}{subsection.3.3}% 20
\BOOKMARK [2][-]{subsection.3.4}{From\040Operator\040Random\040Fourier\040Feature\040maps\040to\040OVKs}{section.3}% 21
\BOOKMARK [2][-]{subsection.3.5}{Examples\040of\040Operator\040Random\040Fourier\040Feature\040maps}{section.3}% 22
\BOOKMARK [2][-]{subsection.3.6}{Regularization\040property}{section.3}% 23
\BOOKMARK [1][-]{section.4}{Main\040contribution:\040convergence\040with\040high\040probability\040of\040the\040\040estimator}{}% 24
\BOOKMARK [2][-]{subsection.4.1}{Random\040Fourier\040Features\040in\040the\040scalar\040case\040and\040decomposable\040OVK}{section.4}% 25
\BOOKMARK [2][-]{subsection.4.2}{Uniform\040convergence\040of\040\040approximation\040on\040\040groups}{section.4}% 26
\BOOKMARK [2][-]{subsection.4.3}{Dealing\040with\040infinite\040dimensional\040operators}{section.4}% 27
\BOOKMARK [2][-]{subsection.4.4}{Application\040on\040decomposable,\040curl-free\040and\040divergence-free\040}{section.4}% 28
\BOOKMARK [3][-]{subsubsection.4.4.1}{Decomposable\040kernel}{subsection.4.4}% 29
\BOOKMARK [3][-]{subsubsection.4.4.2}{Curl-free\040and\040divergence-free\040kernels:}{subsection.4.4}% 30
\BOOKMARK [3][-]{subsubsection.4.4.3}{Computing\040the\040Orlicz\040norm}{subsection.4.4}% 31
\BOOKMARK [1][-]{section.5}{Learning\040with\040}{}% 32
\BOOKMARK [2][-]{subsection.5.1}{Supervised\040learning\040within\040}{section.5}% 33
\BOOKMARK [3][-]{subsubsection.5.1.1}{Representer\040theorem\040and\040Feature\040equivalence}{subsection.5.1}% 34
\BOOKMARK [2][-]{subsection.5.2}{Learning\040with\040Operator\040Random\040Fourier\040Feature\040maps}{section.5}% 35
\BOOKMARK [2][-]{subsection.5.3}{Solving\040ORFF-based\040regression}{section.5}% 36
\BOOKMARK [3][-]{subsubsection.5.3.1}{Gradient\040methods}{subsection.5.3}% 37
\BOOKMARK [3][-]{subsubsection.5.3.2}{Complexity\040analysis}{subsection.5.3}% 38
\BOOKMARK [2][-]{subsection.5.4}{Efficient\040learning\040with\040ORFF}{section.5}% 39
\BOOKMARK [3][-]{subsubsection.5.4.1}{Case\040of\040study:\040the\040decomposable\040kernel}{subsection.5.4}% 40
\BOOKMARK [1][-]{section.6}{Numerical\040experiments}{}% 41
\BOOKMARK [2][-]{subsection.6.1}{Learning\040with\040ORFF\040vs\040learning\040with\040OVK}{section.6}% 42
\BOOKMARK [3][-]{subsubsection.6.1.1}{Datasets}{subsection.6.1}% 43
\BOOKMARK [3][-]{subsubsection.6.1.2}{Results}{subsection.6.1}% 44
\BOOKMARK [1][-]{section.7}{Conclusion}{}% 45
\BOOKMARK [1][-]{section.1}{Reminder\040on\040Abstract\040Harmonic\040Analysis}{}% 46
\BOOKMARK [2][-]{subsection.1.1}{Locally\040compact\040Abelian\040groups}{section.1}% 47
\BOOKMARK [2][-]{subsection.1.2}{Even\040and\040odd\040functions}{section.1}% 48
\BOOKMARK [2][-]{subsection.1.3}{Characters}{section.1}% 49
\BOOKMARK [2][-]{subsection.1.4}{The\040Fourier\040Transform}{section.1}% 50
\BOOKMARK [1][-]{section.2}{Proofs}{}% 51
\BOOKMARK [2][-]{subsection.2.1}{Construction}{section.2}% 52
\BOOKMARK [3][-]{subsubsection.2.1.1}{Proof\040of\040Lemma\04016}{subsection.2.1}% 53
\BOOKMARK [3][-]{subsubsection.2.1.2}{Proof\040of\040Proposition\04017}{subsection.2.1}% 54
\BOOKMARK [3][-]{subsubsection.2.1.3}{Proof\040of\040Proposition\04018}{subsection.2.1}% 55
\BOOKMARK [3][-]{subsubsection.2.1.4}{Proof\040of\040Proposition\04019}{subsection.2.1}% 56
\BOOKMARK [3][-]{subsubsection.2.1.5}{Proof\040of\040Proposition\04021}{subsection.2.1}% 57
\BOOKMARK [3][-]{subsubsection.2.1.6}{Proof\040of\040Proposition\04022}{subsection.2.1}% 58
\BOOKMARK [3][-]{subsubsection.2.1.7}{Proof\040of\040Proposition\04023}{subsection.2.1}% 59
\BOOKMARK [3][-]{subsubsection.2.1.8}{Proof\040of\040Proposition\04025}{subsection.2.1}% 60
\BOOKMARK [3][-]{subsubsection.2.1.9}{Proof\040of\040Proposition\04026}{subsection.2.1}% 61
\BOOKMARK [2][-]{subsection.2.2}{Convergence\040with\040high\040probability\040of\040the\040ORFF\040estimator}{section.2}% 62
\BOOKMARK [3][-]{subsubsection.2.2.1}{Epsilon-net}{subsection.2.2}% 63
\BOOKMARK [3][-]{subsubsection.2.2.2}{Bounding\040the\040Lipschitz\040constant}{subsection.2.2}% 64
\BOOKMARK [3][-]{subsubsection.2.2.3}{Bounding\040the\040error\040on\040a\040given\040anchor\040point}{subsection.2.2}% 65
\BOOKMARK [3][-]{subsubsection.2.2.4}{Union\040Bound\040and\040examples}{subsection.2.2}% 66
\BOOKMARK [3][-]{subsubsection.2.2.5}{Proof\040of\040the\040ORFF\040estimator\040variance\040bound\040\(Proposition\04033\).}{subsection.2.2}% 67
\BOOKMARK [2][-]{subsection.2.3}{Learning}{section.2}% 68
\BOOKMARK [3][-]{subsubsection.2.3.1}{Proof\040of\040Theorem\04034}{subsection.2.3}% 69
\BOOKMARK [3][-]{subsubsection.2.3.2}{Proof\040of\040Theorem\04035}{subsection.2.3}% 70
