\BOOKMARK [1][-]{section.1}{Introduction}{}% 1
\BOOKMARK [2][-]{subsection.1.1}{Contributions}{section.1}% 2
\BOOKMARK [2][-]{subsection.1.2}{Outline}{section.1}% 3
\BOOKMARK [1][-]{section.2}{Background}{}% 4
\BOOKMARK [2][-]{subsection.2.1}{On Operator-Valued Kernels}{section.2}% 5
\BOOKMARK [2][-]{subsection.2.2}{Definitions and properties}{section.2}% 6
\BOOKMARK [2][-]{subsection.2.3}{Examples of Operator-Valued Kernels}{section.2}% 7
\BOOKMARK [2][-]{subsection.2.4}{Shift-Invariant OVK on LCA groups}{section.2}% 8
\BOOKMARK [2][-]{subsection.2.5}{Some applications of Operator-Valued Kernels}{section.2}% 9
\BOOKMARK [2][-]{subsection.2.6}{Random Fourier Features and extensions in the scalar case}{section.2}% 10
\BOOKMARK [3][-]{subsubsection.2.6.1}{The RFF methodology}{subsection.2.6}% 11
\BOOKMARK [3][-]{subsubsection.2.6.2}{Further works on Random Fourier Features}{subsection.2.6}% 12
\BOOKMARK [1][-]{section.3}{Operator Random Fourier Features}{}% 13
\BOOKMARK [2][-]{subsection.3.1}{Construction of Operator-valued Random Fourier Features}{section.3}% 14
\BOOKMARK [2][-]{subsection.3.2}{Methodology to construct ORFFs}{section.3}% 15
\BOOKMARK [3][-]{subsubsection.3.2.1}{Sufficient conditions of existence}{subsection.3.2}% 16
\BOOKMARK [2][-]{subsection.3.3}{Examples of spectral decomposition}{section.3}% 17
\BOOKMARK [3][-]{subsubsection.3.3.1}{Gaussian decomposable kernel}{subsection.3.3}% 18
\BOOKMARK [3][-]{subsubsection.3.3.2}{Skewed-^2 decomposable kernel}{subsection.3.3}% 19
\BOOKMARK [3][-]{subsubsection.3.3.3}{Curl-free Gaussian kernel}{subsection.3.3}% 20
\BOOKMARK [3][-]{subsubsection.3.3.4}{Divergence-free kernel}{subsection.3.3}% 21
\BOOKMARK [2][-]{subsection.3.4}{Operator-valued Random Fourier Features \(ORFF\)}{section.3}% 22
\BOOKMARK [3][-]{subsubsection.3.4.1}{Building Operator-valued Random Fourier Features}{subsection.3.4}% 23
\BOOKMARK [2][-]{subsection.3.5}{From Operator Random Fourier Feature maps to OVKs}{section.3}% 24
\BOOKMARK [2][-]{subsection.3.6}{Examples of Operator Random Fourier Feature maps}{section.3}% 25
\BOOKMARK [2][-]{subsection.3.7}{Regularization property}{section.3}% 26
\BOOKMARK [1][-]{section.4}{Convergence with high probability of the ORFF -based kernel estimator}{}% 27
\BOOKMARK [2][-]{subsection.4.1}{Random Fourier Features in the scalar case and decomposable OVK}{section.4}% 28
\BOOKMARK [2][-]{subsection.4.2}{Uniform convergence of ORFF approximation on LCA groups}{section.4}% 29
\BOOKMARK [2][-]{subsection.4.3}{Dealing with infinite dimensional operators}{section.4}% 30
\BOOKMARK [2][-]{subsection.4.4}{Application on decomposable, curl-free and divergence-free OVK}{section.4}% 31
\BOOKMARK [3][-]{subsubsection.4.4.1}{Decomposable kernel}{subsection.4.4}% 32
\BOOKMARK [3][-]{subsubsection.4.4.2}{Curl-free and divergence-free kernels:}{subsection.4.4}% 33
\BOOKMARK [3][-]{subsubsection.4.4.3}{Computing the Orlicz norm}{subsection.4.4}% 34
\BOOKMARK [1][-]{section.5}{Learning with ORFF}{}% 35
\BOOKMARK [2][-]{subsection.5.1}{Supervised learning within VV-RKHS}{section.5}% 36
\BOOKMARK [3][-]{subsubsection.5.1.1}{Representer theorem and Feature equivalence}{subsection.5.1}% 37
\BOOKMARK [2][-]{subsection.5.2}{Learning with Operator Random Fourier Feature maps}{section.5}% 38
\BOOKMARK [2][-]{subsection.5.3}{Solving ORFF-based regression}{section.5}% 39
\BOOKMARK [3][-]{subsubsection.5.3.1}{Gradient methods}{subsection.5.3}% 40
\BOOKMARK [3][-]{subsubsection.5.3.2}{Complexity analysis}{subsection.5.3}% 41
\BOOKMARK [2][-]{subsection.5.4}{Efficient learning with ORFF}{section.5}% 42
\BOOKMARK [3][-]{subsubsection.5.4.1}{Case of study: the decomposable kernel}{subsection.5.4}% 43
\BOOKMARK [1][-]{section.6}{Numerical experiments}{}% 44
\BOOKMARK [2][-]{subsection.6.1}{Learning with ORFF vs learning with OVK}{section.6}% 45
\BOOKMARK [3][-]{subsubsection.6.1.1}{Datasets}{subsection.6.1}% 46
\BOOKMARK [3][-]{subsubsection.6.1.2}{Results}{subsection.6.1}% 47
\BOOKMARK [1][-]{section.7}{Conclusion}{}% 48
\BOOKMARK [1][-]{section.1}{Reminder on Abstract Harmonic Analysis}{}% 49
\BOOKMARK [2][-]{subsection.1.1}{Locally compact Abelian groups}{section.1}% 50
\BOOKMARK [2][-]{subsection.1.2}{Even and odd functions}{section.1}% 51
\BOOKMARK [2][-]{subsection.1.3}{Characters}{section.1}% 52
\BOOKMARK [2][-]{subsection.1.4}{The Fourier Transform}{section.1}% 53
\BOOKMARK [1][-]{section.2}{Proofs}{}% 54
\BOOKMARK [2][-]{subsection.2.1}{Construction}{section.2}% 55
\BOOKMARK [3][-]{subsubsection.2.1.1}{Proof of Lemma 16}{subsection.2.1}% 56
\BOOKMARK [3][-]{subsubsection.2.1.2}{Proof of Proposition 17}{subsection.2.1}% 57
\BOOKMARK [3][-]{subsubsection.2.1.3}{Proof of Proposition 18}{subsection.2.1}% 58
\BOOKMARK [3][-]{subsubsection.2.1.4}{Proof of Proposition 19}{subsection.2.1}% 59
\BOOKMARK [3][-]{subsubsection.2.1.5}{Proof of Proposition 21}{subsection.2.1}% 60
\BOOKMARK [3][-]{subsubsection.2.1.6}{Proof of Proposition 22}{subsection.2.1}% 61
\BOOKMARK [3][-]{subsubsection.2.1.7}{Proof of Proposition 23}{subsection.2.1}% 62
\BOOKMARK [3][-]{subsubsection.2.1.8}{Proof of Proposition 25}{subsection.2.1}% 63
\BOOKMARK [3][-]{subsubsection.2.1.9}{Proof of Proposition 26}{subsection.2.1}% 64
\BOOKMARK [2][-]{subsection.2.2}{Convergence with high probability of the ORFF estimator}{section.2}% 65
\BOOKMARK [3][-]{subsubsection.2.2.1}{Epsilon-net}{subsection.2.2}% 66
\BOOKMARK [3][-]{subsubsection.2.2.2}{Bounding the Lipschitz constant}{subsection.2.2}% 67
\BOOKMARK [3][-]{subsubsection.2.2.3}{Bounding the error on a given anchor point}{subsection.2.2}% 68
\BOOKMARK [3][-]{subsubsection.2.2.4}{Union Bound and examples}{subsection.2.2}% 69
\BOOKMARK [3][-]{subsubsection.2.2.5}{Proof of the ORFF estimator variance bound \(Proposition 33\).}{subsection.2.2}% 70
\BOOKMARK [2][-]{subsection.2.3}{Learning}{section.2}% 71
\BOOKMARK [3][-]{subsubsection.2.3.1}{Proof of Theorem 34}{subsection.2.3}% 72
\BOOKMARK [3][-]{subsubsection.2.3.2}{Proof of Theorem 35}{subsection.2.3}% 73
